<?xml version="1.0" encoding="UTF-8"?>
<testng-results skipped="0" failed="0" ignored="1" total="2" passed="1">
  <reporter-output>
  </reporter-output>
  <suite name="Default suite" duration-ms="24" started-at="2017-02-18T15:47:00Z" finished-at="2017-02-18T15:47:00Z">
    <groups>
    </groups>
    <test name="Default test" duration-ms="24" started-at="2017-02-18T15:47:00Z" finished-at="2017-02-18T15:47:00Z">
      <class name="org.pom.TestCaller">
        <test-method status="PASS" signature="Method1()[pri:0, instance:org.pom.TestCaller@7c0e2abd]" name="Method1" duration-ms="8" started-at="2017-02-18T16:47:00Z" finished-at="2017-02-18T16:47:00Z">
          <reporter-output>
          </reporter-output>
        </test-method> <!-- Method1 -->
      </class> <!-- org.pom.TestCaller -->
    </test> <!-- Default test -->
  </suite> <!-- Default suite -->
</testng-results>
